[2m2025-08-11T11:49:00.620326Z[0m [32m INFO[0m ThreadId(01) [2mopendlna::logging[0m[2m:[0m [2msrc\logging.rs[0m[2m:[0m[2m40:[0m Logging initialized with level: info
[2m2025-08-11T11:49:00.620772Z[0m [32m INFO[0m ThreadId(01) [2mopendlna[0m[2m:[0m [2msrc\main.rs[0m[2m:[0m[2m21:[0m Starting OpenDLNA Server...
[2m2025-08-11T11:49:00.621143Z[0m [32m INFO[0m ThreadId(01) [2mopendlna[0m[2m:[0m [2msrc\main.rs[0m[2m:[0m[2m467:[0m Detecting platform information...
[2m2025-08-11T11:49:03.646091Z[0m [32m INFO[0m ThreadId(01) [2mopendlna::platform::windows[0m[2m:[0m [2msrc\platform\windows.rs[0m[2m:[0m[2m145:[0m Successfully detected 2 network interface(s) via PowerShell.
[2m2025-08-11T11:49:03.646510Z[0m [32m INFO[0m ThreadId(01) [2mopendlna[0m[2m:[0m [2msrc\main.rs[0m[2m:[0m[2m473:[0m Platform: Windows Windows (AMD64)
[2m2025-08-11T11:49:03.646671Z[0m [32m INFO[0m ThreadId(01) [2mopendlna[0m[2m:[0m [2msrc\main.rs[0m[2m:[0m[2m474:[0m Architecture: x86_64
[2m2025-08-11T11:49:03.646750Z[0m [32m INFO[0m ThreadId(01) [2mopendlna[0m[2m:[0m [2msrc\main.rs[0m[2m:[0m[2m476:[0m Platform capabilities:
[2m2025-08-11T11:49:03.646826Z[0m [32m INFO[0m ThreadId(01) [2mopendlna[0m[2m:[0m [2msrc\main.rs[0m[2m:[0m[2m477:[0m   - Multicast support: true
[2m2025-08-11T11:49:03.646906Z[0m [32m INFO[0m ThreadId(01) [2mopendlna[0m[2m:[0m [2msrc\main.rs[0m[2m:[0m[2m478:[0m   - Firewall present: true
[2m2025-08-11T11:49:03.646984Z[0m [32m INFO[0m ThreadId(01) [2mopendlna[0m[2m:[0m [2msrc\main.rs[0m[2m:[0m[2m479:[0m   - Case-sensitive filesystem: false
[2m2025-08-11T11:49:03.647045Z[0m [32m INFO[0m ThreadId(01) [2mopendlna[0m[2m:[0m [2msrc\main.rs[0m[2m:[0m[2m485:[0m Detected 2 network interface(s):
[2m2025-08-11T11:49:03.647122Z[0m [32m INFO[0m ThreadId(01) [2mopendlna[0m[2m:[0m [2msrc\main.rs[0m[2m:[0m[2m487:[0m   - vEthernet (Default Switch) (172.25.160.1): ifType null - Up: true, Multicast: true
[2m2025-08-11T11:49:03.647199Z[0m [32m INFO[0m ThreadId(01) [2mopendlna[0m[2m:[0m [2msrc\main.rs[0m[2m:[0m[2m487:[0m   - Ethernet (192.168.1.60): ifType null - Up: true, Multicast: true
[2m2025-08-11T11:49:03.647282Z[0m [34mDEBUG[0m ThreadId(01) [2mopendlna::platform[0m[2m:[0m [2msrc\platform\mod.rs[0m[2m:[0m[2m333:[0m Interface 'vEthernet (Default Switch)' (172.25.160.1) scored -80
[2m2025-08-11T11:49:03.647359Z[0m [34mDEBUG[0m ThreadId(01) [2mopendlna::platform[0m[2m:[0m [2msrc\platform\mod.rs[0m[2m:[0m[2m333:[0m Interface 'Ethernet' (192.168.1.60) scored 120
[2m2025-08-11T11:49:03.647437Z[0m [32m INFO[0m ThreadId(01) [2mopendlna[0m[2m:[0m [2msrc\main.rs[0m[2m:[0m[2m503:[0m Primary network interface: Ethernet (192.168.1.60)
[2m2025-08-11T11:49:03.647517Z[0m [32m INFO[0m ThreadId(01) [2mopendlna[0m[2m:[0m [2msrc\main.rs[0m[2m:[0m[2m512:[0m Windows-specific diagnostics:
[2m2025-08-11T11:49:03.647594Z[0m [32m INFO[0m ThreadId(01) [2mopendlna[0m[2m:[0m [2msrc\main.rs[0m[2m:[0m[2m514:[0m   - Administrator privileges may be required for ports < 1024
[2m2025-08-11T11:49:03.647672Z[0m [32m INFO[0m ThreadId(01) [2mopendlna[0m[2m:[0m [2msrc\main.rs[0m[2m:[0m[2m517:[0m   - Windows Firewall may block network connections
[2m2025-08-11T11:49:03.647749Z[0m [32m INFO[0m ThreadId(01) [2mopendlna[0m[2m:[0m [2msrc\main.rs[0m[2m:[0m[2m959:[0m Performing platform-specific security checks...
[2m2025-08-11T11:49:03.647814Z[0m [32m INFO[0m ThreadId(01) [2mopendlna[0m[2m:[0m [2msrc\main.rs[0m[2m:[0m[2m979:[0m Performing Windows security checks...
[2m2025-08-11T11:49:03.670570Z[0m [32m INFO[0m ThreadId(01) [2mopendlna[0m[2m:[0m [2msrc\main.rs[0m[2m:[0m[2m986:[0m Running without administrator privileges
[2m2025-08-11T11:49:03.739364Z[0m [32m INFO[0m ThreadId(01) [2mopendlna[0m[2m:[0m [2msrc\main.rs[0m[2m:[0m[2m998:[0m Windows Firewall is enabled
[2m2025-08-11T11:49:03.739499Z[0m [32m INFO[0m ThreadId(01) [2mopendlna[0m[2m:[0m [2msrc\main.rs[0m[2m:[0m[2m999:[0m You may need to allow OpenDLNA through the firewall
[2m2025-08-11T11:49:04.953672Z[0m [32m INFO[0m ThreadId(01) [2mopendlna[0m[2m:[0m [2msrc\main.rs[0m[2m:[0m[2m973:[0m Platform security checks completed successfully
[2m2025-08-11T11:49:04.953901Z[0m [32m INFO[0m ThreadId(01) [2mopendlna[0m[2m:[0m [2msrc\main.rs[0m[2m:[0m[2m541:[0m Initializing configuration...
[2m2025-08-11T11:49:04.957682Z[0m [32m INFO[0m ThreadId(01) [2mopendlna[0m[2m:[0m [2msrc\main.rs[0m[2m:[0m[2m544:[0m Configuration file path: C:\Users\Welcome\AppData\Roaming\OpenDLNA\config.toml
[2m2025-08-11T11:49:04.957867Z[0m [32m INFO[0m ThreadId(01) [2mopendlna::config[0m[2m:[0m [2msrc\config\mod.rs[0m[2m:[0m[2m111:[0m Processing command line arguments with media directory: C:\Users\Welcome\Downloads\Video
[2m2025-08-11T11:49:04.958494Z[0m [32m INFO[0m ThreadId(01) [2mopendlna::config[0m[2m:[0m [2msrc\config\mod.rs[0m[2m:[0m[2m143:[0m Using command line media directory: C:\Users\Welcome\Downloads\Video
[2m2025-08-11T11:49:04.958621Z[0m [32m INFO[0m ThreadId(01) [2mopendlna[0m[2m:[0m [2msrc\main.rs[0m[2m:[0m[2m549:[0m Using configuration from command line arguments
[2m2025-08-11T11:49:04.959965Z[0m [32m INFO[0m ThreadId(01) [2mopendlna[0m[2m:[0m [2msrc\main.rs[0m[2m:[0m[2m560:[0m Command line configuration validated successfully
[2m2025-08-11T11:49:04.960105Z[0m [32m INFO[0m ThreadId(01) [2mopendlna[0m[2m:[0m [2msrc\main.rs[0m[2m:[0m[2m561:[0m Server will listen on: 0.0.0.0:8080
[2m2025-08-11T11:49:04.960227Z[0m [32m INFO[0m ThreadId(01) [2mopendlna[0m[2m:[0m [2msrc\main.rs[0m[2m:[0m[2m562:[0m SSDP will use port: 1900
[2m2025-08-11T11:49:04.960311Z[0m [32m INFO[0m ThreadId(01) [2mopendlna[0m[2m:[0m [2msrc\main.rs[0m[2m:[0m[2m563:[0m Monitoring 1 director(ies) for media files
[2m2025-08-11T11:49:04.960392Z[0m [32m INFO[0m ThreadId(01) [2mopendlna[0m[2m:[0m [2msrc\main.rs[0m[2m:[0m[2m566:[0m   1. C:\Users\Welcome\Downloads\Video (recursive: true)
[2m2025-08-11T11:49:04.960474Z[0m [32m INFO[0m ThreadId(01) [2mopendlna[0m[2m:[0m [2msrc\main.rs[0m[2m:[0m[2m612:[0m Initializing database...
[2m2025-08-11T11:49:04.960555Z[0m [32m INFO[0m ThreadId(01) [2mopendlna[0m[2m:[0m [2msrc\main.rs[0m[2m:[0m[2m615:[0m Database path: C:\Users\Welcome\AppData\Local\OpenDLNA\Database\media.db
[2m2025-08-11T11:49:04.961520Z[0m [34mDEBUG[0m ThreadId(19) [2msqlx::query[0m[2m:[0m [2mC:\Users\Welcome\.cargo\registry\src\index.crates.io-1949cf8c6b5b557f\sqlx-core-0.8.6\src\logger.rs[0m[2m:[0m[2m143:[0m [3msummary[0m[2m=[0m"PRAGMA foreign_keys = ON; …" [3mdb.statement[0m[2m=[0m"\n\nPRAGMA foreign_keys = ON; \n" [3mrows_affected[0m[2m=[0m0 [3mrows_returned[0m[2m=[0m0 [3melapsed[0m[2m=[0m51.8µs [3melapsed_secs[0m[2m=[0m5.18e-5
[2m2025-08-11T11:49:04.965426Z[0m [34mDEBUG[0m ThreadId(19) [2msqlx::query[0m[2m:[0m [2mC:\Users\Welcome\.cargo\registry\src\index.crates.io-1949cf8c6b5b557f\sqlx-core-0.8.6\src\logger.rs[0m[2m:[0m[2m143:[0m [3msummary[0m[2m=[0m"PRAGMA journal_mode = WAL" [3mdb.statement[0m[2m=[0m"" [3mrows_affected[0m[2m=[0m0 [3mrows_returned[0m[2m=[0m1 [3melapsed[0m[2m=[0m3.7059ms [3melapsed_secs[0m[2m=[0m0.0037059
[2m2025-08-11T11:49:04.965938Z[0m [34mDEBUG[0m ThreadId(20) [2msqlx::query[0m[2m:[0m [2mC:\Users\Welcome\.cargo\registry\src\index.crates.io-1949cf8c6b5b557f\sqlx-core-0.8.6\src\logger.rs[0m[2m:[0m[2m143:[0m [3msummary[0m[2m=[0m"PRAGMA foreign_keys = ON; …" [3mdb.statement[0m[2m=[0m"\n\nPRAGMA foreign_keys = ON; \n" [3mrows_affected[0m[2m=[0m0 [3mrows_returned[0m[2m=[0m0 [3melapsed[0m[2m=[0m9.3µs [3melapsed_secs[0m[2m=[0m9.3e-6
[2m2025-08-11T11:49:04.966465Z[0m [34mDEBUG[0m ThreadId(20) [2msqlx::query[0m[2m:[0m [2mC:\Users\Welcome\.cargo\registry\src\index.crates.io-1949cf8c6b5b557f\sqlx-core-0.8.6\src\logger.rs[0m[2m:[0m[2m143:[0m [3msummary[0m[2m=[0m"PRAGMA synchronous = NORMAL" [3mdb.statement[0m[2m=[0m"" [3mrows_affected[0m[2m=[0m0 [3mrows_returned[0m[2m=[0m0 [3melapsed[0m[2m=[0m366.4µs [3melapsed_secs[0m[2m=[0m0.0003664
[2m2025-08-11T11:49:04.966682Z[0m [34mDEBUG[0m ThreadId(19) [2msqlx::query[0m[2m:[0m [2mC:\Users\Welcome\.cargo\registry\src\index.crates.io-1949cf8c6b5b557f\sqlx-core-0.8.6\src\logger.rs[0m[2m:[0m[2m143:[0m [3msummary[0m[2m=[0m"PRAGMA temp_store = MEMORY" [3mdb.statement[0m[2m=[0m"" [3mrows_affected[0m[2m=[0m0 [3mrows_returned[0m[2m=[0m0 [3melapsed[0m[2m=[0m8.3µs [3melapsed_secs[0m[2m=[0m8.3e-6
[2m2025-08-11T11:49:04.966832Z[0m [34mDEBUG[0m ThreadId(20) [2msqlx::query[0m[2m:[0m [2mC:\Users\Welcome\.cargo\registry\src\index.crates.io-1949cf8c6b5b557f\sqlx-core-0.8.6\src\logger.rs[0m[2m:[0m[2m143:[0m [3msummary[0m[2m=[0m"PRAGMA foreign_keys = ON" [3mdb.statement[0m[2m=[0m"" [3mrows_affected[0m[2m=[0m0 [3mrows_returned[0m[2m=[0m0 [3melapsed[0m[2m=[0m5.9µs [3melapsed_secs[0m[2m=[0m5.9e-6
[2m2025-08-11T11:49:04.966958Z[0m [34mDEBUG[0m ThreadId(19) [2msqlx::query[0m[2m:[0m [2mC:\Users\Welcome\.cargo\registry\src\index.crates.io-1949cf8c6b5b557f\sqlx-core-0.8.6\src\logger.rs[0m[2m:[0m[2m143:[0m [3msummary[0m[2m=[0m"PRAGMA cache_size = -10000" [3mdb.statement[0m[2m=[0m"" [3mrows_affected[0m[2m=[0m0 [3mrows_returned[0m[2m=[0m0 [3melapsed[0m[2m=[0m6.7µs [3melapsed_secs[0m[2m=[0m6.7e-6
[2m2025-08-11T11:49:04.967106Z[0m [34mDEBUG[0m ThreadId(20) [2msqlx::query[0m[2m:[0m [2mC:\Users\Welcome\.cargo\registry\src\index.crates.io-1949cf8c6b5b557f\sqlx-core-0.8.6\src\logger.rs[0m[2m:[0m[2m143:[0m [3msummary[0m[2m=[0m"CREATE TABLE IF NOT …" [3mdb.statement[0m[2m=[0m"\n\n\n            CREATE TABLE IF NOT EXISTS media_files (\n                id INTEGER PRIMARY KEY AUTOINCREMENT,\n                path TEXT UNIQUE NOT NULL,\n                filename TEXT NOT NULL,\n                size INTEGER NOT NULL,\n                modified INTEGER NOT NULL,\n                mime_type TEXT NOT NULL,\n                duration INTEGER,\n                title TEXT,\n                artist TEXT,\n                album TEXT,\n                created_at INTEGER NOT NULL,\n                updated_at INTEGER NOT NULL\n            )\n            \n" [3mrows_affected[0m[2m=[0m0 [3mrows_returned[0m[2m=[0m0 [3melapsed[0m[2m=[0m23.7µs [3melapsed_secs[0m[2m=[0m2.37e-5
[2m2025-08-11T11:49:04.967268Z[0m [34mDEBUG[0m ThreadId(19) [2msqlx::query[0m[2m:[0m [2mC:\Users\Welcome\.cargo\registry\src\index.crates.io-1949cf8c6b5b557f\sqlx-core-0.8.6\src\logger.rs[0m[2m:[0m[2m143:[0m [3msummary[0m[2m=[0m"CREATE INDEX IF NOT …" [3mdb.statement[0m[2m=[0m"\n\nCREATE INDEX IF NOT EXISTS idx_media_files_path ON media_files(path)\n" [3mrows_affected[0m[2m=[0m0 [3mrows_returned[0m[2m=[0m0 [3melapsed[0m[2m=[0m15.6µs [3melapsed_secs[0m[2m=[0m1.56e-5
[2m2025-08-11T11:49:04.967402Z[0m [34mDEBUG[0m ThreadId(20) [2msqlx::query[0m[2m:[0m [2mC:\Users\Welcome\.cargo\registry\src\index.crates.io-1949cf8c6b5b557f\sqlx-core-0.8.6\src\logger.rs[0m[2m:[0m[2m143:[0m [3msummary[0m[2m=[0m"CREATE INDEX IF NOT …" [3mdb.statement[0m[2m=[0m"\n\nCREATE INDEX IF NOT EXISTS idx_media_files_modified ON media_files(modified)\n" [3mrows_affected[0m[2m=[0m0 [3mrows_returned[0m[2m=[0m0 [3melapsed[0m[2m=[0m18µs [3melapsed_secs[0m[2m=[0m1.8e-5
[2m2025-08-11T11:49:04.967529Z[0m [34mDEBUG[0m ThreadId(19) [2msqlx::query[0m[2m:[0m [2mC:\Users\Welcome\.cargo\registry\src\index.crates.io-1949cf8c6b5b557f\sqlx-core-0.8.6\src\logger.rs[0m[2m:[0m[2m143:[0m [3msummary[0m[2m=[0m"CREATE INDEX IF NOT …" [3mdb.statement[0m[2m=[0m"\n\nCREATE INDEX IF NOT EXISTS idx_media_files_mime_type ON media_files(mime_type)\n" [3mrows_affected[0m[2m=[0m0 [3mrows_returned[0m[2m=[0m0 [3melapsed[0m[2m=[0m13µs [3melapsed_secs[0m[2m=[0m1.3e-5
[2m2025-08-11T11:49:04.967660Z[0m [34mDEBUG[0m ThreadId(20) [2msqlx::query[0m[2m:[0m [2mC:\Users\Welcome\.cargo\registry\src\index.crates.io-1949cf8c6b5b557f\sqlx-core-0.8.6\src\logger.rs[0m[2m:[0m[2m143:[0m [3msummary[0m[2m=[0m"CREATE INDEX IF NOT …" [3mdb.statement[0m[2m=[0m"\n\nCREATE INDEX IF NOT EXISTS idx_media_files_filename ON media_files(filename)\n" [3mrows_affected[0m[2m=[0m0 [3mrows_returned[0m[2m=[0m0 [3melapsed[0m[2m=[0m12.4µs [3melapsed_secs[0m[2m=[0m1.24e-5
[2m2025-08-11T11:49:04.967795Z[0m [34mDEBUG[0m ThreadId(19) [2msqlx::query[0m[2m:[0m [2mC:\Users\Welcome\.cargo\registry\src\index.crates.io-1949cf8c6b5b557f\sqlx-core-0.8.6\src\logger.rs[0m[2m:[0m[2m143:[0m [3msummary[0m[2m=[0m"CREATE TABLE IF NOT …" [3mdb.statement[0m[2m=[0m"\n\n\n            CREATE TABLE IF NOT EXISTS database_metadata (\n                key TEXT PRIMARY KEY,\n                value TEXT NOT NULL,\n                updated_at INTEGER NOT NULL\n            )\n            \n" [3mrows_affected[0m[2m=[0m0 [3mrows_returned[0m[2m=[0m0 [3melapsed[0m[2m=[0m18.1µs [3melapsed_secs[0m[2m=[0m1.81e-5
[2m2025-08-11T11:49:04.967966Z[0m [34mDEBUG[0m ThreadId(20) [2msqlx::query[0m[2m:[0m [2mC:\Users\Welcome\.cargo\registry\src\index.crates.io-1949cf8c6b5b557f\sqlx-core-0.8.6\src\logger.rs[0m[2m:[0m[2m143:[0m [3msummary[0m[2m=[0m"INSERT OR IGNORE INTO …" [3mdb.statement[0m[2m=[0m"\n\nINSERT OR IGNORE INTO database_metadata (key, value, updated_at) VALUES (?, ?, ?)\n" [3mrows_affected[0m[2m=[0m0 [3mrows_returned[0m[2m=[0m0 [3melapsed[0m[2m=[0m48.7µs [3melapsed_secs[0m[2m=[0m4.87e-5
[2m2025-08-11T11:49:04.968067Z[0m [32m INFO[0m ThreadId(01) [2mopendlna[0m[2m:[0m [2msrc\main.rs[0m[2m:[0m[2m626:[0m Performing database health check...
[2m2025-08-11T11:49:04.968775Z[0m [34mDEBUG[0m ThreadId(19) [2msqlx::query[0m[2m:[0m [2mC:\Users\Welcome\.cargo\registry\src\index.crates.io-1949cf8c6b5b557f\sqlx-core-0.8.6\src\logger.rs[0m[2m:[0m[2m143:[0m [3msummary[0m[2m=[0m"PRAGMA integrity_check" [3mdb.statement[0m[2m=[0m"" [3mrows_affected[0m[2m=[0m0 [3mrows_returned[0m[2m=[0m1 [3melapsed[0m[2m=[0m584.2µs [3melapsed_secs[0m[2m=[0m0.0005842
[2m2025-08-11T11:49:04.969030Z[0m [34mDEBUG[0m ThreadId(20) [2msqlx::query[0m[2m:[0m [2mC:\Users\Welcome\.cargo\registry\src\index.crates.io-1949cf8c6b5b557f\sqlx-core-0.8.6\src\logger.rs[0m[2m:[0m[2m143:[0m [3msummary[0m[2m=[0m"SELECT COUNT(*) FROM media_files …" [3mdb.statement[0m[2m=[0m"\n\nSELECT COUNT(*) FROM media_files WHERE path = '' OR filename = ''\n" [3mrows_affected[0m[2m=[0m0 [3mrows_returned[0m[2m=[0m1 [3melapsed[0m[2m=[0m78.8µs [3melapsed_secs[0m[2m=[0m7.88e-5
[2m2025-08-11T11:49:04.969275Z[0m [34mDEBUG[0m ThreadId(19) [2msqlx::query[0m[2m:[0m [2mC:\Users\Welcome\.cargo\registry\src\index.crates.io-1949cf8c6b5b557f\sqlx-core-0.8.6\src\logger.rs[0m[2m:[0m[2m143:[0m [3msummary[0m[2m=[0m"SELECT COUNT(*) FROM (SELECT …" [3mdb.statement[0m[2m=[0m"\n\nSELECT COUNT(*) FROM (SELECT path FROM media_files GROUP BY path HAVING COUNT(*) > 1)\n" [3mrows_affected[0m[2m=[0m0 [3mrows_returned[0m[2m=[0m1 [3melapsed[0m[2m=[0m71.2µs [3melapsed_secs[0m[2m=[0m7.12e-5
[2m2025-08-11T11:49:04.969523Z[0m [34mDEBUG[0m ThreadId(20) [2msqlx::query[0m[2m:[0m [2mC:\Users\Welcome\.cargo\registry\src\index.crates.io-1949cf8c6b5b557f\sqlx-core-0.8.6\src\logger.rs[0m[2m:[0m[2m143:[0m [3msummary[0m[2m=[0m"SELECT COUNT(*), COALESCE(SUM(size), 0) …" [3mdb.statement[0m[2m=[0m"\n\nSELECT COUNT(*), COALESCE(SUM(size), 0) FROM media_files\n" [3mrows_affected[0m[2m=[0m0 [3mrows_returned[0m[2m=[0m1 [3melapsed[0m[2m=[0m84.8µs [3melapsed_secs[0m[2m=[0m8.48e-5
[2m2025-08-11T11:49:04.969864Z[0m [32m INFO[0m ThreadId(01) [2mopendlna[0m[2m:[0m [2msrc\main.rs[0m[2m:[0m[2m647:[0m Database health check passed
[2m2025-08-11T11:49:04.970130Z[0m [34mDEBUG[0m ThreadId(19) [2msqlx::query[0m[2m:[0m [2mC:\Users\Welcome\.cargo\registry\src\index.crates.io-1949cf8c6b5b557f\sqlx-core-0.8.6\src\logger.rs[0m[2m:[0m[2m143:[0m [3msummary[0m[2m=[0m"SELECT COUNT(*), COALESCE(SUM(size), 0) …" [3mdb.statement[0m[2m=[0m"\n\nSELECT COUNT(*), COALESCE(SUM(size), 0) FROM media_files\n" [3mrows_affected[0m[2m=[0m0 [3mrows_returned[0m[2m=[0m1 [3melapsed[0m[2m=[0m39.7µs [3melapsed_secs[0m[2m=[0m3.97e-5
[2m2025-08-11T11:49:04.970319Z[0m [32m INFO[0m ThreadId(01) [2mopendlna[0m[2m:[0m [2msrc\main.rs[0m[2m:[0m[2m654:[0m Database statistics:
[2m2025-08-11T11:49:04.970415Z[0m [32m INFO[0m ThreadId(01) [2mopendlna[0m[2m:[0m [2msrc\main.rs[0m[2m:[0m[2m655:[0m   - Total media files: 283
[2m2025-08-11T11:49:04.970537Z[0m [32m INFO[0m ThreadId(01) [2mopendlna[0m[2m:[0m [2msrc\main.rs[0m[2m:[0m[2m656:[0m   - Total media size: 400171283219 bytes
[2m2025-08-11T11:49:04.970626Z[0m [32m INFO[0m ThreadId(01) [2mopendlna[0m[2m:[0m [2msrc\main.rs[0m[2m:[0m[2m657:[0m   - Database file size: 245760 bytes
[2m2025-08-11T11:49:04.970712Z[0m [32m INFO[0m ThreadId(01) [2mopendlna[0m[2m:[0m [2msrc\main.rs[0m[2m:[0m[2m667:[0m Database initialized successfully
[2m2025-08-11T11:49:04.970801Z[0m [32m INFO[0m ThreadId(01) [2mopendlna[0m[2m:[0m [2msrc\main.rs[0m[2m:[0m[2m673:[0m Initializing file system watcher...
[2m2025-08-11T11:49:04.970972Z[0m [32m INFO[0m ThreadId(01) [2mopendlna[0m[2m:[0m [2msrc\main.rs[0m[2m:[0m[2m698:[0m File system watcher initialized for 1 directories
[2m2025-08-11T11:49:04.971069Z[0m [32m INFO[0m ThreadId(01) [2mopendlna[0m[2m:[0m [2msrc\main.rs[0m[2m:[0m[2m704:[0m Performing initial media scan...
[2m2025-08-11T11:49:04.971157Z[0m [32m INFO[0m ThreadId(01) [2mopendlna[0m[2m:[0m [2msrc\main.rs[0m[2m:[0m[2m707:[0m Full media scan enabled - scanning all directories
[2m2025-08-11T11:49:04.971298Z[0m [32m INFO[0m ThreadId(01) [2mopendlna[0m[2m:[0m [2msrc\main.rs[0m[2m:[0m[2m721:[0m Scanning directory: C:\Users\Welcome\Downloads\Video
[2m2025-08-11T11:49:04.972041Z[0m [34mDEBUG[0m ThreadId(20) [2msqlx::query[0m[2m:[0m [2mC:\Users\Welcome\.cargo\registry\src\index.crates.io-1949cf8c6b5b557f\sqlx-core-0.8.6\src\logger.rs[0m[2m:[0m[2m143:[0m [3msummary[0m[2m=[0m"SELECT id, path, filename, …" [3mdb.statement[0m[2m=[0m"\n\nSELECT id, path, filename, size, modified, mime_type, duration, title, artist, album, created_at, updated_at FROM media_files ORDER BY filename\n" [3mrows_affected[0m[2m=[0m0 [3mrows_returned[0m[2m=[0m283 [3melapsed[0m[2m=[0m612.1µs [3melapsed_secs[0m[2m=[0m0.0006121
[2m2025-08-11T11:49:05.005230Z[0m [32m INFO[0m ThreadId(01) [2mopendlna[0m[2m:[0m [2msrc\main.rs[0m[2m:[0m[2m731:[0m Scan of C:\Users\Welcome\Downloads\Video completed: Scanned 283 files: 0 new, 0 updated, 0 removed, 283 unchanged, 0 errors
[2m2025-08-11T11:49:05.005395Z[0m [32m INFO[0m ThreadId(01) [2mopendlna[0m[2m:[0m [2msrc\main.rs[0m[2m:[0m[2m742:[0m Initial media scan completed - total files scanned: 283, total changes: 0
[2m2025-08-11T11:49:05.006062Z[0m [34mDEBUG[0m ThreadId(19) [2msqlx::query[0m[2m:[0m [2mC:\Users\Welcome\.cargo\registry\src\index.crates.io-1949cf8c6b5b557f\sqlx-core-0.8.6\src\logger.rs[0m[2m:[0m[2m143:[0m [3msummary[0m[2m=[0m"SELECT id, path, filename, …" [3mdb.statement[0m[2m=[0m"\n\nSELECT id, path, filename, size, modified, mime_type, duration, title, artist, album, created_at, updated_at FROM media_files ORDER BY filename\n" [3mrows_affected[0m[2m=[0m0 [3mrows_returned[0m[2m=[0m283 [3melapsed[0m[2m=[0m552.1µs [3melapsed_secs[0m[2m=[0m0.0005521
[2m2025-08-11T11:49:05.006467Z[0m [32m INFO[0m ThreadId(01) [2mopendlna[0m[2m:[0m [2msrc\main.rs[0m[2m:[0m[2m748:[0m Loaded 283 total media files from database
[2m2025-08-11T11:49:05.006568Z[0m [32m INFO[0m ThreadId(01) [2mopendlna[0m[2m:[0m [2msrc\main.rs[0m[2m:[0m[2m774:[0m Starting file system monitoring...
[2m2025-08-11T11:49:05.006730Z[0m [32m INFO[0m ThreadId(01) [2mopendlna::watcher[0m[2m:[0m [2msrc\watcher\mod.rs[0m[2m:[0m[2m214:[0m Starting file system watcher for 1 directories
[2m2025-08-11T11:49:05.006892Z[0m [32m INFO[0m ThreadId(01) [2mopendlna::watcher[0m[2m:[0m [2msrc\watcher\mod.rs[0m[2m:[0m[2m206:[0m File system watcher initialized with 500ms debounce
[2m2025-08-11T11:49:05.007274Z[0m [32m INFO[0m ThreadId(01) [2mopendlna::watcher[0m[2m:[0m [2msrc\watcher\mod.rs[0m[2m:[0m[2m239:[0m Started watching directory: "C:\\Users\\Welcome\\Downloads\\Video"
[2m2025-08-11T11:49:05.007396Z[0m [32m INFO[0m ThreadId(01) [2mopendlna[0m[2m:[0m [2msrc\main.rs[0m[2m:[0m[2m811:[0m File system monitoring started for 1 directories
[2m2025-08-11T11:49:05.007407Z[0m [32m INFO[0m ThreadId(16) [2mopendlna[0m[2m:[0m [2msrc\main.rs[0m[2m:[0m[2m800:[0m File system event handler started
[2m2025-08-11T11:49:05.007484Z[0m [32m INFO[0m ThreadId(01) [2mopendlna[0m[2m:[0m [2msrc\main.rs[0m[2m:[0m[2m132:[0m Starting platform adaptation services...
[2m2025-08-11T11:49:05.007675Z[0m [32m INFO[0m ThreadId(01) [2mopendlna[0m[2m:[0m [2msrc\main.rs[0m[2m:[0m[2m165:[0m Platform adaptation services started
[2m2025-08-11T11:49:05.007758Z[0m [32m INFO[0m ThreadId(01) [2mopendlna[0m[2m:[0m [2msrc\main.rs[0m[2m:[0m[2m909:[0m Starting SSDP discovery service...
[2m2025-08-11T11:49:05.007832Z[0m [32m INFO[0m ThreadId(01) [2mopendlna::ssdp[0m[2m:[0m [2msrc\ssdp.rs[0m[2m:[0m[2m31:[0m SSDP service started with platform abstraction
[2m2025-08-11T11:49:05.007921Z[0m [32m INFO[0m ThreadId(01) [2mopendlna[0m[2m:[0m [2msrc\main.rs[0m[2m:[0m[2m915:[0m SSDP discovery service started successfully
[2m2025-08-11T11:49:05.008039Z[0m [32m INFO[0m ThreadId(01) [2mopendlna[0m[2m:[0m [2msrc\main.rs[0m[2m:[0m[2m921:[0m Starting HTTP server...
[2m2025-08-11T11:49:05.008159Z[0m [32m INFO[0m ThreadId(01) [2mopendlna[0m[2m:[0m [2msrc\main.rs[0m[2m:[0m[2m938:[0m Server UUID: 2030c8bd-ba26-4feb-8ac9-f237628a901f
[2m2025-08-11T11:49:05.008242Z[0m [32m INFO[0m ThreadId(01) [2mopendlna[0m[2m:[0m [2msrc\main.rs[0m[2m:[0m[2m939:[0m Server name: OpenDLNA Server (MAIN)
[2m2025-08-11T11:49:05.008320Z[0m [32m INFO[0m ThreadId(01) [2mopendlna[0m[2m:[0m [2msrc\main.rs[0m[2m:[0m[2m940:[0m Listening on http://0.0.0.0:8080
[2m2025-08-11T11:49:05.009272Z[0m [34mDEBUG[0m ThreadId(16) [2mopendlna::platform::network::windows[0m[2m:[0m [2msrc\platform\network\windows.rs[0m[2m:[0m[2m53:[0m Successfully bound to port 1900 on Windows
[2m2025-08-11T11:49:05.009292Z[0m [32m INFO[0m ThreadId(02) [2mopendlna::ssdp[0m[2m:[0m [2msrc\ssdp.rs[0m[2m:[0m[2m252:[0m Sending SSDP NOTIFY (alive) broadcast
[2m2025-08-11T11:49:05.009346Z[0m [32m INFO[0m ThreadId(01) [2mopendlna[0m[2m:[0m [2msrc\main.rs[0m[2m:[0m[2m946:[0m HTTP server started successfully
[2m2025-08-11T11:49:05.009876Z[0m [33m WARN[0m ThreadId(02) [2mopendlna::platform::network::windows[0m[2m:[0m [2msrc\platform\network\windows.rs[0m[2m:[0m[2m209:[0m Primary port 1900 failed on Windows: Network configuration error: Failed to bind to port 1900 on Windows: Only one usage of each socket address (protocol/network address/port) is normally permitted. (os error 10048)
[2m2025-08-11T11:49:05.010051Z[0m [34mDEBUG[0m ThreadId(02) [2mopendlna::platform::network::windows[0m[2m:[0m [2msrc\platform\network\windows.rs[0m[2m:[0m[2m53:[0m Successfully bound to port 8080 on Windows
[2m2025-08-11T11:49:05.010172Z[0m [32m INFO[0m ThreadId(02) [2mopendlna::platform::network::windows[0m[2m:[0m [2msrc\platform\network\windows.rs[0m[2m:[0m[2m219:[0m Using fallback port 8080 on Windows
